<?xml version="1.0" encoding="UTF-8"?>
<!-- Generated by org.testng.reporters.JUnitReportReporter -->
<testsuite hostname="laplen235" failures="0" tests="2" name="com.fitpeo.Assesment.Assesment_one_TC" time="55.575" errors="0" timestamp="2024-08-03T23:42:51 IST" skipped="0">
  <testcase classname="com.fitpeo.Assesment.Assesment_one_TC" name="secondMethod" time="30.366"/>
  <system-out/>
  <testcase classname="com.fitpeo.Assesment.Assesment_one_TC" name="firstMethod" time="25.209"/>
  <system-out/>
</testsuite> <!-- com.fitpeo.Assesment.Assesment_one_TC -->
